\BOOKMARK [1][-]{section.1}{General remarks on the paper}{}% 1
\BOOKMARK [1][-]{section.2}{Polyhedra and Arrangements}{}% 2
\BOOKMARK [1][-]{section.3}{The Vertex Enumeration Problem}{}% 3
\BOOKMARK [2][-]{subsection.3.1}{Definition and general remarks}{section.3}% 4
\BOOKMARK [2][-]{subsection.3.2}{Types of approaches}{section.3}% 5
\BOOKMARK [1][-]{section.4}{Linear Programs}{}% 6
\BOOKMARK [2][-]{subsection.4.1}{What is a Linear Optimization Problem?}{section.4}% 7
\BOOKMARK [2][-]{subsection.4.2}{Duality of LP}{section.4}% 8
\BOOKMARK [1][-]{section.5}{Simplex algorithm}{}% 9
\BOOKMARK [2][-]{subsection.5.1}{Calculating a first Simplex tableau from the Standard Form}{section.5}% 10
\BOOKMARK [2][-]{subsection.5.2}{The Simplex Algorithm}{section.5}% 11
\BOOKMARK [3][-]{subsubsection.5.2.1}{Phase 1: Determine a first feasible solution \(vertex\)}{subsection.5.2}% 12
\BOOKMARK [3][-]{subsubsection.5.2.2}{Phase 2: Determine the optimal solution}{subsection.5.2}% 13
\BOOKMARK [2][-]{subsection.5.3}{The Simplex-Algorithm}{section.5}% 14
\BOOKMARK [1][-]{section.6}{Avis and Fukudas Algorithm}{}% 15
\BOOKMARK [2][-]{subsection.6.1}{How to move up the tree?}{section.6}% 16
\BOOKMARK [2][-]{subsection.6.2}{What is it even doing?}{section.6}% 17
\BOOKMARK [2][-]{subsection.6.3}{Degeneracy}{section.6}% 18
\BOOKMARK [2][-]{subsection.6.4}{Why is that good?}{section.6}% 19
\BOOKMARK [1][-]{section.7}{Future Work based on this }{}% 20
